36 36 36 35 35 35 34 34 34 
33 33 33 32 32 32 31 31 31 
30 30 30 29 29 29 28 28 28 
27 27 27 26 26 26 25 25 25 
24 24 24 23 23 23 22 22 22 
21 21 21 20 20 20 19 19 19 
18 18 18 17 17 17 16 16 16 
15 15 15 14 14 14 13 13 13 
12 12 12 11 11 11 10 10 10 
9 9 9 8 8 8 7 7 7 
6 6 6 5 5 5 4 4 4 
3 3 3 2 2 2 1 1 1 
56 56 56 55 55 55 54 54 54 53 53 53 8 4 
52 52 52 51 51 51 50 50 50 49 49 49 8 4 
48 48 48 47 47 47 46 46 46 45 45 45 8 4 
44 44 44 43 43 43 42 42 42 41 41 41 7 3 
40 40 40 39 39 39 38 38 38 37 37 37 7 3 
36 36 36 35 35 35 34 34 34 33 33 33 7 3 
32 32 32 31 31 31 30 30 30 29 29 29 6 2 
28 28 28 27 27 27 26 26 26 25 25 25 6 2 
24 24 24 23 23 23 22 22 22 21 21 21 6 2 
20 20 20 19 19 19 18 18 18 17 17 17 5 1 
16 16 16 15 15 15 14 14 14 13 13 13 5 1 
12 12 12 11 11 11 10 10 10 9 9 9 5 1 
21 21 21 8 4 
20 20 20 8 4 
19 19 19 8 4 
18 18 18 7 3 
17 17 17 7 3 
16 16 16 7 3 
15 15 15 6 2 
14 14 14 6 2 
13 13 13 6 2 
12 12 12 5 1 
11 11 11 5 1 
10 10 10 5 1 
9 9 9 0 0 
25 25 25 24 24 24 23 23 23 4 2 
22 22 22 21 21 21 20 20 20 4 2 
19 19 19 18 18 18 17 17 17 4 2 
16 16 16 15 15 15 14 14 14 3 1 
13 13 13 12 12 12 11 11 11 3 1 
10 10 10 9 9 9 8 8 8 3 1 
7 7 7 6 6 6 5 5 5 0 0 
20 20 20 5 
19 19 19 5 
18 18 18 5 
17 17 17 4 
16 16 16 4 
15 15 15 4 
14 14 14 3 
13 13 13 3 
12 12 12 3 
11 11 11 2 
10 10 10 2 
9 9 9 2 
8 8 8 1 
7 7 7 1 
6 6 6 1 
26 26 26 25 25 25 24 24 24 2 
23 23 23 22 22 22 21 21 21 2 
20 20 20 19 19 19 18 18 18 2 
17 17 17 16 16 16 15 15 15 1 
14 14 14 13 13 13 12 12 12 1 
11 11 11 10 10 10 9 9 9 1 
8 8 8 7 7 7 6 6 6 0 
5 5 5 4 4 4 3 3 3 0 
36 36 36 35 35 35 34 34 34 6 3 
33 33 33 32 32 32 31 31 31 6 3 
30 30 30 29 29 29 28 28 28 6 3 
27 27 27 26 26 26 25 25 25 5 2 
24 24 24 23 23 23 22 22 22 5 2 
21 21 21 20 20 20 19 19 19 5 2 
18 18 18 17 17 17 16 16 16 4 1 
15 15 15 14 14 14 13 13 13 4 1 
12 12 12 11 11 11 10 10 10 4 1 
9 9 9 8 8 8 7 7 7 0 0 
40 40 40 39 39 39 38 38 38 4 
37 37 37 36 36 36 35 35 35 4 
34 34 34 33 33 33 32 32 32 4 
31 31 31 30 30 30 29 29 29 3 
28 28 28 27 27 27 26 26 26 3 
25 25 25 24 24 24 23 23 23 3 
22 22 22 21 21 21 20 20 20 2 
19 19 19 18 18 18 17 17 17 2 
16 16 16 15 15 15 14 14 14 2 
13 13 13 12 12 12 11 11 11 1 
10 10 10 9 9 9 8 8 8 1 
7 7 7 6 6 6 5 5 5 1 
56 56 56 55 55 55 54 54 54 53 53 53 4 
52 52 52 51 51 51 50 50 50 49 49 49 4 
48 48 48 47 47 47 46 46 46 45 45 45 4 
44 44 44 43 43 43 42 42 42 41 41 41 3 
40 40 40 39 39 39 38 38 38 37 37 37 3 
36 36 36 35 35 35 34 34 34 33 33 33 3 
32 32 32 31 31 31 30 30 30 29 29 29 2 
28 28 28 27 27 27 26 26 26 25 25 25 2 
24 24 24 23 23 23 22 22 22 21 21 21 2 
20 20 20 19 19 19 18 18 18 17 17 17 1 
16 16 16 15 15 15 14 14 14 13 13 13 1 
12 12 12 11 11 11 10 10 10 9 9 9 1 
8 8 8 7 7 7 6 6 6 5 5 5 0 
36 36 36 35 35 35 
34 34 34 33 33 33 
32 32 32 31 31 31 
30 30 30 29 29 29 
28 28 28 27 27 27 
26 26 26 25 25 25 
24 24 24 23 23 23 
22 22 22 21 21 21 
20 20 20 19 19 19 
18 18 18 17 17 17 
16 16 16 15 15 15 
14 14 14 13 13 13 
12 12 12 11 11 11 
10 10 10 9 9 9 
8 8 8 7 7 7 
6 6 6 5 5 5 
4 4 4 3 3 3 
2 2 2 1 1 1 
