90 90 90 89 89 89 88 88 88 87 87 87 86 86 86 10 5 
85 85 85 84 84 84 83 83 83 82 82 82 81 81 81 10 5 
80 80 80 79 79 79 78 78 78 77 77 77 76 76 76 10 5 
75 75 75 74 74 74 73 73 73 72 72 72 71 71 71 9 4 
70 70 70 69 69 69 68 68 68 67 67 67 66 66 66 9 4 
65 65 65 64 64 64 63 63 63 62 62 62 61 61 61 9 4 
60 60 60 59 59 59 58 58 58 57 57 57 56 56 56 8 3 
55 55 55 54 54 54 53 53 53 52 52 52 51 51 51 8 3 
50 50 50 49 49 49 48 48 48 47 47 47 46 46 46 8 3 
45 45 45 44 44 44 43 43 43 42 42 42 41 41 41 7 2 
40 40 40 39 39 39 38 38 38 37 37 37 36 36 36 7 2 
35 35 35 34 34 34 33 33 33 32 32 32 31 31 31 7 2 
30 30 30 29 29 29 28 28 28 27 27 27 26 26 26 6 1 
25 25 25 24 24 24 23 23 23 22 22 22 21 21 21 6 1 
20 20 20 19 19 19 18 18 18 17 17 17 16 16 16 6 1 
15 15 15 14 14 14 13 13 13 12 12 12 11 11 11 0 0 
9 9 9 8 8 8 1 
7 7 7 6 6 6 1 
5 5 5 4 4 4 1 
3 3 3 2 2 2 0 
26 26 26 25 25 25 24 24 24 23 23 23 2 
22 22 22 21 21 21 20 20 20 19 19 19 2 
18 18 18 17 17 17 16 16 16 15 15 15 2 
14 14 14 13 13 13 12 12 12 11 11 11 1 
10 10 10 9 9 9 8 8 8 7 7 7 1 
6 6 6 5 5 5 4 4 4 3 3 3 1 
36 36 36 35 35 35 
34 34 34 33 33 33 
32 32 32 31 31 31 
30 30 30 29 29 29 
28 28 28 27 27 27 
26 26 26 25 25 25 
24 24 24 23 23 23 
22 22 22 21 21 21 
20 20 20 19 19 19 
18 18 18 17 17 17 
16 16 16 15 15 15 
14 14 14 13 13 13 
12 12 12 11 11 11 
10 10 10 9 9 9 
8 8 8 7 7 7 
6 6 6 5 5 5 
4 4 4 3 3 3 
2 2 2 1 1 1 
42 42 42 41 41 41 40 40 40 39 39 39 38 38 38 2 
37 37 37 36 36 36 35 35 35 34 34 34 33 33 33 2 
32 32 32 31 31 31 30 30 30 29 29 29 28 28 28 2 
27 27 27 26 26 26 25 25 25 24 24 24 23 23 23 1 
22 22 22 21 21 21 20 20 20 19 19 19 18 18 18 1 
17 17 17 16 16 16 15 15 15 14 14 14 13 13 13 1 
12 12 12 11 11 11 10 10 10 9 9 9 8 8 8 0 
7 7 7 6 6 6 5 5 5 4 4 4 3 3 3 0 
26 26 26 10 5 
25 25 25 10 5 
24 24 24 10 5 
23 23 23 9 4 
22 22 22 9 4 
21 21 21 9 4 
20 20 20 8 3 
19 19 19 8 3 
18 18 18 8 3 
17 17 17 7 2 
16 16 16 7 2 
15 15 15 7 2 
14 14 14 6 1 
13 13 13 6 1 
12 12 12 6 1 
11 11 11 0 0 
85 85 85 84 84 84 83 83 83 82 82 82 81 81 81 10 5 
80 80 80 79 79 79 78 78 78 77 77 77 76 76 76 10 5 
75 75 75 74 74 74 73 73 73 72 72 72 71 71 71 10 5 
70 70 70 69 69 69 68 68 68 67 67 67 66 66 66 9 4 
65 65 65 64 64 64 63 63 63 62 62 62 61 61 61 9 4 
60 60 60 59 59 59 58 58 58 57 57 57 56 56 56 9 4 
55 55 55 54 54 54 53 53 53 52 52 52 51 51 51 8 3 
50 50 50 49 49 49 48 48 48 47 47 47 46 46 46 8 3 
45 45 45 44 44 44 43 43 43 42 42 42 41 41 41 8 3 
40 40 40 39 39 39 38 38 38 37 37 37 36 36 36 7 2 
35 35 35 34 34 34 33 33 33 32 32 32 31 31 31 7 2 
30 30 30 29 29 29 28 28 28 27 27 27 26 26 26 7 2 
25 25 25 24 24 24 23 23 23 22 22 22 21 21 21 6 1 
20 20 20 19 19 19 18 18 18 17 17 17 16 16 16 6 1 
15 15 15 14 14 14 13 13 13 12 12 12 11 11 11 6 1 
58 58 58 57 57 57 56 56 56 10 5 
55 55 55 54 54 54 53 53 53 10 5 
52 52 52 51 51 51 50 50 50 10 5 
49 49 49 48 48 48 47 47 47 9 4 
46 46 46 45 45 45 44 44 44 9 4 
43 43 43 42 42 42 41 41 41 9 4 
40 40 40 39 39 39 38 38 38 8 3 
37 37 37 36 36 36 35 35 35 8 3 
34 34 34 33 33 33 32 32 32 8 3 
31 31 31 30 30 30 29 29 29 7 2 
28 28 28 27 27 27 26 26 26 7 2 
25 25 25 24 24 24 23 23 23 7 2 
22 22 22 21 21 21 20 20 20 6 1 
19 19 19 18 18 18 17 17 17 6 1 
16 16 16 15 15 15 14 14 14 6 1 
13 13 13 12 12 12 11 11 11 0 0 
18 18 18 4 
17 17 17 4 
16 16 16 4 
15 15 15 3 
14 14 14 3 
13 13 13 3 
12 12 12 2 
11 11 11 2 
10 10 10 2 
9 9 9 1 
8 8 8 1 
7 7 7 1 
6 6 6 0 
5 5 5 0 
102 102 102 101 101 101 100 100 100 99 99 99 98 98 98 12 6 
97 97 97 96 96 96 95 95 95 94 94 94 93 93 93 12 6 
92 92 92 91 91 91 90 90 90 89 89 89 88 88 88 12 6 
87 87 87 86 86 86 85 85 85 84 84 84 83 83 83 11 5 
82 82 82 81 81 81 80 80 80 79 79 79 78 78 78 11 5 
77 77 77 76 76 76 75 75 75 74 74 74 73 73 73 11 5 
72 72 72 71 71 71 70 70 70 69 69 69 68 68 68 10 4 
67 67 67 66 66 66 65 65 65 64 64 64 63 63 63 10 4 
62 62 62 61 61 61 60 60 60 59 59 59 58 58 58 10 4 
57 57 57 56 56 56 55 55 55 54 54 54 53 53 53 9 3 
52 52 52 51 51 51 50 50 50 49 49 49 48 48 48 9 3 
47 47 47 46 46 46 45 45 45 44 44 44 43 43 43 9 3 
42 42 42 41 41 41 40 40 40 39 39 39 38 38 38 8 2 
37 37 37 36 36 36 35 35 35 34 34 34 33 33 33 8 2 
32 32 32 31 31 31 30 30 30 29 29 29 28 28 28 8 2 
27 27 27 26 26 26 25 25 25 24 24 24 23 23 23 7 1 
22 22 22 21 21 21 20 20 20 19 19 19 18 18 18 7 1 
17 17 17 16 16 16 15 15 15 14 14 14 13 13 13 7 1 
